============================= test session starts ==============================
platform darwin -- Python 3.12.13, pytest-9.1.1, pluggy-1.6.0
rootdir: /Users/quyendo/Documents/Learn/JPLearn/apps/api-python
configfile: pyproject.toml
testpaths: tests
plugins: asyncio-1.4.0, anyio-4.15.0
asyncio: mode=Mode.AUTO, debug=False, asyncio_default_fixture_loop_scope=None, asyncio_default_test_loop_scope=function
collected 187 items

tests/test_architecture_guard.py ...................                     [ 10%]
tests/test_auth.py .......                                               [ 13%]
tests/test_catalog.py ......                                             [ 17%]
tests/test_contract.py ..                                                [ 18%]
tests/test_e2e_runner_isolation.py ......                                [ 21%]
tests/test_env_resolver.py ......                                        [ 24%]
tests/test_errors.py ..                                                  [ 25%]
tests/test_flags.py ...                                                  [ 27%]
tests/test_health.py .....                                               [ 29%]
tests/test_hls.py ......                                                 [ 33%]
tests/test_media.py ..........................                           [ 47%]
tests/test_migrate_fail_closed.py ................                       [ 55%]
tests/test_neg.py .                                                      [ 56%]
tests/test_obs.py ...........                                            [ 62%]
tests/test_openapi_diff.py .......                                       [ 65%]
tests/test_openapi_mutation_suite.py ...................                 [ 75%]
tests/test_schema_ddl.py ........                                        [ 80%]
tests/test_seed.py ....                                                  [ 82%]
tests/test_sessions.py ..........                                        [ 87%]
tests/test_storage_media_readiness.py ...................                [ 97%]
tests/test_sync.py .                                                     [ 98%]
tests/test_vectors.py ...                                                [100%]

=============================== warnings summary ===============================
.venv/lib/python3.12/site-packages/fastapi/testclient.py:1
  /Users/quyendo/Documents/Learn/JPLearn/apps/api-python/.venv/lib/python3.12/site-packages/fastapi/testclient.py:1: StarletteDeprecationWarning: Using `httpx` with `starlette.testclient` is deprecated; install `httpx2` instead.
    from starlette.testclient import TestClient as TestClient  # noqa

.venv/lib/python3.12/site-packages/starlette/testclient.py:53
  /Users/quyendo/Documents/Learn/JPLearn/apps/api-python/.venv/lib/python3.12/site-packages/starlette/testclient.py:53: DeprecationWarning: The anyio.abc.BlockingPortal alias is deprecated, use anyio.from_thread.BlockingPortal instead.
    _PortalFactoryType = Callable[[], AbstractContextManager[anyio.abc.BlockingPortal]]

-- Docs: https://docs.pytest.org/en/stable/how-to/capture-warnings.html
======================= 187 passed, 2 warnings in 23.20s =======================
