============================= test session starts ==============================
platform darwin -- Python 3.12.13, pytest-9.1.1, pluggy-1.6.0 -- /Users/quyendo/Documents/Learn/JPLearn/apps/api-python/.venv/bin/python
cachedir: .pytest_cache
rootdir: /Users/quyendo/Documents/Learn/JPLearn/.worktrees/candidate_verify/apps/api-python
configfile: pyproject.toml
testpaths: tests
plugins: asyncio-1.4.0, anyio-4.15.0
asyncio: mode=Mode.AUTO, debug=False, asyncio_default_fixture_loop_scope=None, asyncio_default_test_loop_scope=function
collecting ... collected 192 items

tests/test_architecture_guard.py::test_domain_layer_dependencies PASSED  [  0%]
tests/test_architecture_guard.py::test_domain_layer_transitive_dependencies PASSED [  1%]
tests/test_architecture_guard.py::test_application_layer_dependencies PASSED [  1%]
tests/test_architecture_guard.py::test_application_layer_transitive_dependencies PASSED [  2%]
tests/test_architecture_guard.py::test_ports_layer_pure_abstractions PASSED [  2%]
tests/test_architecture_guard.py::test_adapters_layer_dependencies PASSED [  3%]
tests/test_architecture_guard.py::test_routers_composition_rules PASSED  [  3%]
tests/test_architecture_guard.py::test_guard_mutation_catches_violations PASSED [  4%]
tests/test_architecture_guard.py::test_guard_mutation_catches_transitive_import_leak PASSED [  4%]
tests/test_architecture_guard.py::test_guard_mutation_catches_aliased_constructor_in_router PASSED [  5%]
tests/test_architecture_guard.py::test_guard_mutation_catches_symbol_reexport_leak PASSED [  5%]
tests/test_architecture_guard.py::test_package_import_has_zero_side_effects PASSED [  6%]
tests/test_architecture_guard.py::test_fake_uow_isolation_and_rollback PASSED [  6%]
tests/test_architecture_guard.py::test_flags_use_case_in_memory PASSED   [  7%]
tests/test_architecture_guard.py::test_identity_use_cases_in_memory PASSED [  7%]
tests/test_architecture_guard.py::test_catalog_use_cases_in_memory PASSED [  8%]
tests/test_architecture_guard.py::test_learning_use_cases_in_memory PASSED [  8%]
tests/test_architecture_guard.py::test_media_use_cases_in_memory PASSED  [  9%]
tests/test_architecture_guard.py::test_failure_boundaries_across_use_cases PASSED [  9%]
tests/test_auth.py::test_register_login_me_hides_password_hash PASSED    [ 10%]
tests/test_auth.py::test_login_issues_token_for_registered_user PASSED   [ 10%]
tests/test_auth.py::test_logout_invalidates_every_token PASSED           [ 11%]
tests/test_auth.py::test_duplicate_email_is_409 PASSED                   [ 11%]
tests/test_auth.py::test_me_without_bearer_is_401 PASSED                 [ 12%]
tests/test_auth.py::test_no_auth_payload_leaks_credentials PASSED        [ 13%]
tests/test_auth.py::test_short_password_is_400 PASSED                    [ 13%]
tests/test_catalog.py::test_learner_cannot_create_catalog PASSED         [ 14%]
tests/test_catalog.py::test_draft_hidden_until_qa_and_publish_without_l1_fields PASSED [ 14%]
tests/test_catalog.py::test_publish_from_draft_is_400 PASSED             [ 15%]
tests/test_catalog.py::test_publish_without_media_then_after_media PASSED [ 15%]
tests/test_catalog.py::test_unpublish_hides_from_learners PASSED         [ 16%]
tests/test_catalog.py::test_teacher_cannot_publish PASSED                [ 16%]
tests/test_contract.py::test_every_documented_operation_is_routed PASSED [ 17%]
tests/test_contract.py::test_empty_body_is_400_in_nest_shape PASSED      [ 17%]
tests/test_e2e_runner_isolation.py::test_supervisor_lock_serialization_with_stdin_devnull PASSED [ 18%]
tests/test_e2e_runner_isolation.py::test_supervisor_term_handling_cleans_up_and_releases_lock PASSED [ 18%]
tests/test_e2e_runner_isolation.py::test_supervisor_child_failure_releases_lock PASSED [ 19%]
tests/test_e2e_runner_isolation.py::test_supervisor_escalates_to_sigkill_on_unresponsive_child PASSED [ 19%]
tests/test_e2e_runner_isolation.py::test_supervisor_kills_grandchild_before_releasing_lock PASSED [ 20%]
tests/test_e2e_runner_isolation.py::test_user_config_files_preserved_in_isolated_fixture_repo PASSED [ 20%]
tests/test_env_resolver.py::test_resolve_environment_precedence PASSED   [ 21%]
tests/test_env_resolver.py::test_resolve_environment_rejects_unknown PASSED [ 21%]
tests/test_env_resolver.py::test_resolve_database_url_precedence PASSED  [ 22%]
tests/test_env_resolver.py::test_is_destructive_downgrade_allowed PASSED [ 22%]
tests/test_env_resolver.py::test_migrate_downgrade_cli_destructive_safety PASSED [ 23%]
tests/test_env_resolver.py::test_destructive_downgrade_blocked_when_environment_completely_unconfigured PASSED [ 23%]
tests/test_errors.py::test_unknown_route_uses_nest_error_shape PASSED    [ 24%]
tests/test_errors.py::test_method_not_allowed_is_not_422 PASSED          [ 25%]
tests/test_flags.py::test_get_flags_defaults_false PASSED                [ 25%]
tests/test_flags.py::test_learner_cannot_patch_staff_flags PASSED        [ 26%]
tests/test_flags.py::test_admin_patch_flags_updates_all_keys PASSED      [ 26%]
tests/test_health.py::test_health_ok PASSED                              [ 27%]
tests/test_health.py::test_docs_off_by_default PASSED                    [ 27%]
tests/test_health.py::test_ready_ok PASSED                               [ 28%]
tests/test_health.py::test_ready_db_down PASSED                          [ 28%]
tests/test_health.py::test_ready_storage_down PASSED                     [ 29%]
tests/test_hls.py::test_register_requires_manifest_on_disk PASSED        [ 29%]
tests/test_hls.py::test_learner_cannot_register_hls PASSED               [ 30%]
tests/test_hls.py::test_register_serves_manifest_and_segments PASSED     [ 30%]
tests/test_hls.py::test_signed_manifest_rewrites_segment_uris PASSED     [ 31%]
tests/test_hls.py::test_rejects_traversal_and_unsupported_types PASSED   [ 31%]
tests/test_hls.py::test_requires_auth_and_404_missing PASSED             [ 32%]
tests/test_media.py::test_upload_and_playback_dual_mode PASSED           [ 32%]
tests/test_media.py::test_learner_cannot_upload_and_empty_file_400 PASSED [ 33%]
tests/test_media.py::test_media_requires_auth PASSED                     [ 33%]
tests/test_media.py::test_storage_port_unit PASSED                       [ 34%]
tests/test_media.py::test_publish_rejected_if_media_missing_from_storage PASSED [ 34%]
tests/test_media.py::test_media_upload_db_failure_cleans_up_storage PASSED [ 35%]
tests/test_media.py::test_media_storage_failure_creates_no_db_row PASSED [ 35%]
tests/test_media.py::test_orphan_reconciliation PASSED                   [ 36%]
tests/test_media.py::test_parse_byte_range_matrix PASSED                 [ 36%]
tests/test_media.py::test_storage_adapters_open_read_range PASSED        [ 37%]
tests/test_media.py::test_media_stream_http_byte_ranges PASSED           [ 38%]
tests/test_media.py::test_hls_segment_http_byte_range PASSED             [ 38%]
tests/test_media.py::test_stage_stream_cancellation_cleans_up_part_file PASSED [ 39%]
tests/test_media.py::test_upload_cancellation_before_commit_rolls_back_and_compensates PASSED [ 39%]
tests/test_media.py::test_upload_cancellation_during_commit_preserves_object_if_committed PASSED [ 40%]
tests/test_media.py::test_upload_db_error_at_commit_compensates PASSED   [ 40%]
tests/test_media.py::test_upload_outcome_1_pre_commit_cancellation_compensates PASSED [ 41%]
tests/test_media.py::test_upload_outcome_2_commit_in_flight_cancelled_preserves_object_and_logs PASSED [ 41%]
tests/test_media.py::test_upload_does_not_rollback_while_cancelled_commit_is_still_running PASSED [ 42%]
tests/test_media.py::test_upload_outcome_3_server_commit_response_lost_preserves_object PASSED [ 42%]
tests/test_media.py::test_upload_outcome_4_rollback_failure_preserves_object_and_logs PASSED [ 43%]
tests/test_media.py::test_upload_outcome_5_post_commit_cancellation_preserves_object PASSED [ 43%]
tests/test_media.py::test_upload_repo_add_failure_after_promote_rolls_back_and_compensates PASSED [ 44%]
tests/test_media.py::test_upload_recheck_catalog_query_error_compensates_storage PASSED [ 44%]
tests/test_media.py::test_upload_write_uow_enter_failure_compensates_storage PASSED [ 45%]
tests/test_media.py::test_upload_rollback_failure_retains_storage_object_and_logs_unknown_outcome PASSED [ 45%]
tests/test_media.py::test_upload_pre_commit_storage_delete_failure_preserves_original_exception_and_logs_warning PASSED [ 46%]
tests/test_media.py::test_upload_byte_stream_barrier_releases_db_connection PASSED [ 46%]
tests/test_media.py::test_upload_catalog_deleted_between_preflight_and_write_compensates PASSED [ 47%]
tests/test_media.py::test_upload_uow_factory_scopes_and_repository_identity PASSED [ 47%]
tests/test_media.py::test_upload_http_barrier_releases_connection_and_pool_checkout PASSED [ 48%]
tests/test_migrate_fail_closed.py::test_load_baseline_schema_packaged_resource PASSED [ 48%]
tests/test_migrate_fail_closed.py::test_load_baseline_schema_missing_explicit_path PASSED [ 49%]
tests/test_migrate_fail_closed.py::test_load_baseline_schema_malformed_json PASSED [ 50%]
tests/test_migrate_fail_closed.py::test_load_baseline_schema_env_var_missing_file PASSED [ 50%]
tests/test_migrate_fail_closed.py::test_destructive_downgrade_environment_guards[local-True] PASSED [ 51%]
tests/test_migrate_fail_closed.py::test_destructive_downgrade_environment_guards[test-True] PASSED [ 51%]
tests/test_migrate_fail_closed.py::test_destructive_downgrade_environment_guards[staging-False] PASSED [ 52%]
tests/test_migrate_fail_closed.py::test_destructive_downgrade_environment_guards[production-False] PASSED [ 52%]
tests/test_migrate_fail_closed.py::test_destructive_downgrade_environment_guards[development-False] PASSED [ 53%]
tests/test_migrate_fail_closed.py::test_destructive_downgrade_environment_guards[-False] PASSED [ 53%]
tests/test_migrate_fail_closed.py::test_destructive_downgrade_environment_guards[unknown_env-False] PASSED [ 54%]
tests/test_migrate_fail_closed.py::test_destructive_downgrade_allowed_with_explicit_override PASSED [ 54%]
tests/test_migrate_fail_closed.py::test_stamp_empty_database_fails_closed PASSED [ 55%]
tests/test_migrate_fail_closed.py::test_stamp_fails_on_schema_divergence_and_preserves_clean_state PASSED [ 55%]
tests/test_migrate_fail_closed.py::test_destructive_downgrade_unconfigured_env_preserves_data PASSED [ 56%]
tests/test_migrate_fail_closed.py::test_migrate_cli_help_and_unknown_exit_codes PASSED [ 56%]
tests/test_neg.py::test_textbook_routes_are_404 PASSED                   [ 57%]
tests/test_obs.py::test_health_is_200_and_echoes_request_id PASSED       [ 57%]
tests/test_obs.py::test_request_id_is_generated_when_absent PASSED       [ 58%]
tests/test_obs.py::test_no_webhook_configured_means_no_alert PASSED      [ 58%]
tests/test_obs.py::test_5xx_posts_alert_payload PASSED                   [ 59%]
tests/test_obs.py::test_4xx_does_not_alert PASSED                        [ 59%]
tests/test_obs.py::test_sensitive_credentials_redacted_in_5xx_and_webhook PASSED [ 60%]
tests/test_obs.py::test_settings_validation PASSED                       [ 60%]
tests/test_obs.py::test_slow_webhook_does_not_block_client_response PASSED [ 61%]
tests/test_obs.py::test_alert_queue_overflow_drops_safely PASSED         [ 61%]
tests/test_obs.py::test_production_cors_fail_closed_middleware PASSED    [ 62%]
tests/test_obs.py::test_local_test_cors_expo_and_dynamic_ports PASSED    [ 63%]
tests/test_openapi_diff.py::test_generated_openapi_matches_handwritten_on_implemented_ops PASSED [ 63%]
tests/test_openapi_diff.py::test_docs_and_openapi_json_stay_off PASSED   [ 64%]
tests/test_openapi_diff.py::test_negative_removing_required_field_fails_diff PASSED [ 64%]
tests/test_openapi_diff.py::test_negative_changing_parameter_type_fails_diff PASSED [ 65%]
tests/test_openapi_diff.py::test_negative_removing_endpoint_fails_diff PASSED [ 65%]
tests/test_openapi_diff.py::test_negative_extra_endpoint_fails_diff PASSED [ 66%]
tests/test_openapi_diff.py::test_main_cli_returns_non_zero_on_mismatch PASSED [ 66%]
tests/test_openapi_mutation_suite.py::test_baseline_cli_exits_zero PASSED [ 67%]
tests/test_openapi_mutation_suite.py::test_mutation_1_ci_level_integer_to_string PASSED [ 67%]
tests/test_openapi_mutation_suite.py::test_mutation_2_drop_minimum_or_maximum PASSED [ 68%]
tests/test_openapi_mutation_suite.py::test_mutation_3_add_nullable PASSED [ 68%]
tests/test_openapi_mutation_suite.py::test_mutation_4_drop_required_field PASSED [ 69%]
tests/test_openapi_mutation_suite.py::test_mutation_5_expand_device_class_enum_and_case PASSED [ 69%]
tests/test_openapi_mutation_suite.py::test_mutation_6_change_400_body_to_detail PASSED [ 70%]
tests/test_openapi_mutation_suite.py::test_mutation_7_drop_security_alternative_on_media PASSED [ 70%]
tests/test_openapi_mutation_suite.py::test_mutation_8_add_forbidden_response_field PASSED [ 71%]
tests/test_openapi_mutation_suite.py::test_mutation_9_delete_ready_operation PASSED [ 71%]
tests/test_openapi_mutation_suite.py::test_mutation_10_extra_required_query_parameter PASSED [ 72%]
tests/test_openapi_mutation_suite.py::test_mutation_11_missing_type_in_schema PASSED [ 72%]
tests/test_openapi_mutation_suite.py::test_mutation_12_undefined_ref_fails PASSED [ 73%]
tests/test_openapi_mutation_suite.py::test_mutation_13_password_min_length_100_fails PASSED [ 73%]
tests/test_openapi_mutation_suite.py::test_mutation_14_password_min_length_1_fails PASSED [ 74%]
tests/test_openapi_mutation_suite.py::test_mutation_15_password_min_length_dropped_fails PASSED [ 75%]
tests/test_openapi_mutation_suite.py::test_mutation_16_max_length_variations_fail PASSED [ 75%]
tests/test_openapi_mutation_suite.py::test_mutation_17_unexpected_min_length_added_fails PASSED [ 76%]
tests/test_openapi_mutation_suite.py::test_mutation_18_enum_type_bool_vs_int_fails PASSED [ 76%]
tests/test_schema_ddl.py::test_alembic_schema_matches_prisma_baseline PASSED [ 77%]
tests/test_schema_ddl.py::test_live_schema_has_no_textbook_columns PASSED [ 77%]
tests/test_schema_ddl.py::test_downgrade_then_upgrade_returns_to_baseline PASSED [ 78%]
tests/test_schema_ddl.py::test_stamp_adopts_a_database_built_before_alembic PASSED [ 78%]
tests/test_schema_ddl.py::test_seed_is_idempotent_and_keeps_seed_items_draft PASSED [ 79%]
tests/test_schema_ddl.py::test_fr_neg_scanner_flags_a_python_file PASSED [ 79%]
tests/test_schema_ddl.py::test_stamp_fails_when_live_schema_diverges PASSED [ 80%]
tests/test_schema_ddl.py::test_destructive_downgrade_blocked_in_staging_and_production PASSED [ 80%]
tests/test_seed.py::test_seed_reference_data_is_idempotent PASSED        [ 81%]
tests/test_seed.py::test_admin_bootstrap_create_only_does_not_reset_password PASSED [ 81%]
tests/test_seed.py::test_production_bootstrap_fails_without_opt_in PASSED [ 82%]
tests/test_seed.py::test_production_bootstrap_fails_with_weak_password PASSED [ 82%]
tests/test_sessions.py::test_progress_requires_auth PASSED               [ 83%]
tests/test_sessions.py::test_start_end_records_events_and_progress PASSED [ 83%]
tests/test_sessions.py::test_end_forbidden_other_user_and_double_end PASSED [ 84%]
tests/test_sessions.py::test_zombie_session_counts_zero_minutes PASSED   [ 84%]
tests/test_sessions.py::test_invalid_device_class_is_400 PASSED          [ 85%]
tests/test_sessions.py::test_progress_keys_exactly_two PASSED            [ 85%]
tests/test_sessions.py::test_pure_minutes_from_duration PASSED           [ 86%]
tests/test_sessions.py::test_concurrent_end_same_session_exactly_once PASSED [ 86%]
tests/test_sessions.py::test_concurrent_end_different_sessions_no_lost_update PASSED [ 87%]
tests/test_sessions.py::test_end_session_failure_rolls_back_atomically PASSED [ 88%]
tests/test_storage_media_readiness.py::test_storage_path_traversal_guards PASSED [ 88%]
tests/test_storage_media_readiness.py::test_storage_adapter_parity_in_memory_and_filesystem PASSED [ 89%]
tests/test_storage_media_readiness.py::test_media_upload_extension_and_mime_validation PASSED [ 89%]
tests/test_storage_media_readiness.py::test_media_upload_magic_bytes_inspection PASSED [ 90%]
tests/test_storage_media_readiness.py::test_readiness_probe_active_checks PASSED [ 90%]
tests/test_storage_media_readiness.py::test_reconciliation_24h_grace_retention PASSED [ 91%]
tests/test_storage_media_readiness.py::test_storage_probe_concurrent_100_executions PASSED [ 91%]
tests/test_storage_media_readiness.py::test_storage_probe_cleanup_on_failure PASSED [ 92%]
tests/test_storage_media_readiness.py::test_readiness_probe_unlink_permission_error_fails PASSED [ 92%]
tests/test_storage_media_readiness.py::test_readiness_bounded_workers_under_timeout_cancel PASSED [ 93%]
tests/test_storage_media_readiness.py::test_readiness_probe_db_timeout_liveness_intact PASSED [ 93%]
tests/test_storage_media_readiness.py::test_readiness_probe_storage_timeout_db_intact PASSED [ 94%]
tests/test_storage_media_readiness.py::test_reconciliation_retention_policy_validation PASSED [ 94%]
tests/test_storage_media_readiness.py::test_reconciliation_metadata_protection_and_race_prevention PASSED [ 95%]
tests/test_storage_media_readiness.py::test_reconciliation_cli_args_parsing PASSED [ 95%]
tests/test_storage_media_readiness.py::test_stage_stream_cancellation_during_late_open PASSED [ 96%]
tests/test_storage_media_readiness.py::test_stage_stream_cancellation_during_in_flight_write PASSED [ 96%]
tests/test_storage_media_readiness.py::test_staging_cleanup_defers_close_and_unlink_after_drain_timeout PASSED [ 97%]
tests/test_storage_media_readiness.py::test_stage_stream_cleanup_failure_logging PASSED [ 97%]
tests/test_sync.py::test_same_identity_same_catalog_same_progress_across_devices PASSED [ 98%]
tests/test_vectors.py::test_jwt_vector_verifies_with_test_secret PASSED  [ 98%]
tests/test_vectors.py::test_argon2_vector_verifies_node_hash_and_python_hash_roundtrip PASSED [ 99%]
tests/test_vectors.py::test_hmac_media_url_vector_matches_node PASSED    [100%]

=============================== warnings summary ===============================
../../../../apps/api-python/.venv/lib/python3.12/site-packages/fastapi/testclient.py:1
  /Users/quyendo/Documents/Learn/JPLearn/apps/api-python/.venv/lib/python3.12/site-packages/fastapi/testclient.py:1: StarletteDeprecationWarning: Using `httpx` with `starlette.testclient` is deprecated; install `httpx2` instead.
    from starlette.testclient import TestClient as TestClient  # noqa

../../../../apps/api-python/.venv/lib/python3.12/site-packages/starlette/testclient.py:53
  /Users/quyendo/Documents/Learn/JPLearn/apps/api-python/.venv/lib/python3.12/site-packages/starlette/testclient.py:53: DeprecationWarning: The anyio.abc.BlockingPortal alias is deprecated, use anyio.from_thread.BlockingPortal instead.
    _PortalFactoryType = Callable[[], AbstractContextManager[anyio.abc.BlockingPortal]]

-- Docs: https://docs.pytest.org/en/stable/how-to/capture-warnings.html
======================= 192 passed, 2 warnings in 23.87s =======================
